[0m15:25:17.328482 [debug] [MainThread]: Sending event: {'category': 'dbt', 'action': 'invocation', 'label': 'start', 'context': [<snowplow_tracker.self_describing_json.SelfDescribingJson object at 0x00000249D2DCD2D0>, <snowplow_tracker.self_describing_json.SelfDescribingJson object at 0x00000249D2DBE810>, <snowplow_tracker.self_describing_json.SelfDescribingJson object at 0x00000249D2D89450>]}


============================== 15:25:17.331550 | 1d03ba81-70c2-4950-a738-94a019f2cbe6 ==============================
[0m15:25:17.331550 [info ] [MainThread]: Running with dbt=1.8.8
[0m15:25:17.332553 [debug] [MainThread]: running dbt with arguments {'printer_width': '80', 'indirect_selection': 'eager', 'log_cache_events': 'False', 'write_json': 'True', 'partial_parse': 'True', 'cache_selected_only': 'False', 'warn_error': 'None', 'fail_fast': 'False', 'debug': 'False', 'log_path': 'logs', 'profiles_dir': 'C:\\Users\\STARTER-local\\.dbt', 'version_check': 'True', 'use_colors': 'True', 'use_experimental_parser': 'False', 'no_print': 'None', 'quiet': 'False', 'empty': 'None', 'warn_error_options': 'WarnErrorOptions(include=[], exclude=[])', 'invocation_command': 'dbt init warehouse', 'static_parser': 'True', 'introspect': 'True', 'target_path': 'None', 'log_format': 'default', 'send_anonymous_usage_stats': 'True'}
[0m15:25:17.349729 [warn ] [MainThread]: [ConfigFolderDirectory]: Unable to parse dict {'dir': WindowsPath('C:/Users/STARTER-local/.dbt')}
[0m15:25:17.350849 [info ] [MainThread]: Creating dbt configuration folder at 
[0m15:25:17.352749 [debug] [MainThread]: Starter project path: D:\code\hnawaz007_learning\dbt\.dbtenv\Lib\site-packages\dbt\include\starter_project
[0m15:25:17.358366 [info ] [MainThread]: 
Your new dbt project "warehouse" was created!

For more information on how to configure the profiles.yml file,
please consult the dbt documentation here:

  https://docs.getdbt.com/docs/configure-your-profile

One more thing:

Need help? Don't hesitate to reach out to us via GitHub issues or on Slack:

  https://community.getdbt.com/

Happy modeling!

[0m15:25:17.360366 [info ] [MainThread]: Setting up your profile.
[0m15:27:25.243750 [error] [MainThread]: Encountered an error:

[0m15:27:25.250749 [error] [MainThread]: Traceback (most recent call last):
  File "D:\code\hnawaz007_learning\dbt\.dbtenv\Lib\site-packages\dbt\cli\requires.py", line 138, in wrapper
    result, success = func(*args, **kwargs)
                      ^^^^^^^^^^^^^^^^^^^^^
  File "D:\code\hnawaz007_learning\dbt\.dbtenv\Lib\site-packages\dbt\cli\requires.py", line 101, in wrapper
    return func(*args, **kwargs)
           ^^^^^^^^^^^^^^^^^^^^^
  File "D:\code\hnawaz007_learning\dbt\.dbtenv\Lib\site-packages\dbt\cli\main.py", line 470, in init
    results = task.run()
              ^^^^^^^^^^
  File "D:\code\hnawaz007_learning\dbt\.dbtenv\Lib\site-packages\dbt\task\init.py", line 347, in run
    self.setup_profile(profile_name)
  File "D:\code\hnawaz007_learning\dbt\.dbtenv\Lib\site-packages\dbt\task\init.py", line 263, in setup_profile
    self.create_profile_from_target(adapter, profile_name=profile_name)
  File "D:\code\hnawaz007_learning\dbt\.dbtenv\Lib\site-packages\dbt\task\init.py", line 180, in create_profile_from_target
    self.create_profile_from_profile_template(profile_template, profile_name)
  File "D:\code\hnawaz007_learning\dbt\.dbtenv\Lib\site-packages\dbt\task\init.py", line 164, in create_profile_from_profile_template
    target = self.generate_target_from_input(prompts, initial_target)
             ^^^^^^^^^^^^^^^^^^^^^^^^^^^^^^^^^^^^^^^^^^^^^^^^^^^^^^^^
  File "D:\code\hnawaz007_learning\dbt\.dbtenv\Lib\site-packages\dbt\task\init.py", line 130, in generate_target_from_input
    target[key] = click.prompt(
                  ^^^^^^^^^^^^^
  File "D:\code\hnawaz007_learning\dbt\.dbtenv\Lib\site-packages\click\termui.py", line 164, in prompt
    value = prompt_func(prompt)
            ^^^^^^^^^^^^^^^^^^^
  File "D:\code\hnawaz007_learning\dbt\.dbtenv\Lib\site-packages\click\termui.py", line 147, in prompt_func
    raise Abort() from None
click.exceptions.Abort

[0m15:27:25.258699 [debug] [MainThread]: Command `dbt init` failed at 15:27:25.258699 after 127.97 seconds
[0m15:27:25.259700 [debug] [MainThread]: Sending event: {'category': 'dbt', 'action': 'invocation', 'label': 'end', 'context': [<snowplow_tracker.self_describing_json.SelfDescribingJson object at 0x00000249D2DCCD90>, <snowplow_tracker.self_describing_json.SelfDescribingJson object at 0x00000249D2D89410>, <snowplow_tracker.self_describing_json.SelfDescribingJson object at 0x00000249D307B150>]}
[0m15:27:25.260708 [debug] [MainThread]: Flushing usage events
[0m15:27:29.389284 [debug] [MainThread]: Sending event: {'category': 'dbt', 'action': 'invocation', 'label': 'start', 'context': [<snowplow_tracker.self_describing_json.SelfDescribingJson object at 0x000002A3AF122B90>, <snowplow_tracker.self_describing_json.SelfDescribingJson object at 0x000002A3B1E3EA50>, <snowplow_tracker.self_describing_json.SelfDescribingJson object at 0x000002A3B1E3EB90>]}


============================== 15:27:29.392296 | 58856d6c-761c-405e-a13a-3b5d168a95de ==============================
[0m15:27:29.392296 [info ] [MainThread]: Running with dbt=1.8.8
[0m15:27:29.393284 [debug] [MainThread]: running dbt with arguments {'printer_width': '80', 'indirect_selection': 'eager', 'write_json': 'True', 'log_cache_events': 'False', 'partial_parse': 'True', 'cache_selected_only': 'False', 'profiles_dir': 'C:\\Users\\STARTER-local\\.dbt', 'debug': 'False', 'fail_fast': 'False', 'log_path': 'logs', 'version_check': 'True', 'warn_error': 'None', 'use_colors': 'True', 'use_experimental_parser': 'False', 'no_print': 'None', 'quiet': 'False', 'empty': 'None', 'warn_error_options': 'WarnErrorOptions(include=[], exclude=[])', 'invocation_command': 'dbt init warehouse', 'introspect': 'True', 'log_format': 'default', 'target_path': 'None', 'static_parser': 'True', 'send_anonymous_usage_stats': 'True'}
[0m15:27:29.401297 [info ] [MainThread]: A project called warehouse already exists here.
[0m15:27:29.403287 [debug] [MainThread]: Command `dbt init` succeeded at 15:27:29.403287 after 0.06 seconds
[0m15:27:29.403287 [debug] [MainThread]: Sending event: {'category': 'dbt', 'action': 'invocation', 'label': 'end', 'context': [<snowplow_tracker.self_describing_json.SelfDescribingJson object at 0x000002A3B1E3C990>, <snowplow_tracker.self_describing_json.SelfDescribingJson object at 0x000002A3B1E3D150>, <snowplow_tracker.self_describing_json.SelfDescribingJson object at 0x000002A3B1E3F010>]}
[0m15:27:29.404285 [debug] [MainThread]: Flushing usage events
[0m15:27:37.242980 [debug] [MainThread]: Sending event: {'category': 'dbt', 'action': 'invocation', 'label': 'start', 'context': [<snowplow_tracker.self_describing_json.SelfDescribingJson object at 0x0000013E09E08390>, <snowplow_tracker.self_describing_json.SelfDescribingJson object at 0x0000013E09E08850>, <snowplow_tracker.self_describing_json.SelfDescribingJson object at 0x0000013E09E08910>]}


============================== 15:27:37.245982 | e4096935-bfa8-4be9-956d-9d3ffdf0af4e ==============================
[0m15:27:37.245982 [info ] [MainThread]: Running with dbt=1.8.8
[0m15:27:37.246964 [debug] [MainThread]: running dbt with arguments {'printer_width': '80', 'indirect_selection': 'eager', 'log_cache_events': 'False', 'write_json': 'True', 'partial_parse': 'True', 'cache_selected_only': 'False', 'warn_error': 'None', 'fail_fast': 'False', 'debug': 'False', 'log_path': 'logs', 'version_check': 'True', 'profiles_dir': 'C:\\Users\\STARTER-local\\.dbt', 'use_colors': 'True', 'use_experimental_parser': 'False', 'no_print': 'None', 'quiet': 'False', 'empty': 'None', 'warn_error_options': 'WarnErrorOptions(include=[], exclude=[])', 'invocation_command': 'dbt init warehouse', 'static_parser': 'True', 'introspect': 'True', 'target_path': 'None', 'log_format': 'default', 'send_anonymous_usage_stats': 'True'}
[0m15:27:37.255979 [debug] [MainThread]: Starter project path: D:\code\hnawaz007_learning\dbt\.dbtenv\Lib\site-packages\dbt\include\starter_project
[0m15:27:37.271161 [info ] [MainThread]: 
Your new dbt project "warehouse" was created!

For more information on how to configure the profiles.yml file,
please consult the dbt documentation here:

  https://docs.getdbt.com/docs/configure-your-profile

One more thing:

Need help? Don't hesitate to reach out to us via GitHub issues or on Slack:

  https://community.getdbt.com/

Happy modeling!

[0m15:27:37.273162 [info ] [MainThread]: Setting up your profile.
[0m15:28:25.241804 [info ] [MainThread]: Profile warehouse written to C:\Users\STARTER-local\.dbt\profiles.yml using target's profile_template.yml and your supplied values. Run 'dbt debug' to validate the connection.
[0m15:28:25.246814 [debug] [MainThread]: Command `dbt init` succeeded at 15:28:25.245765 after 48.04 seconds
[0m15:28:25.248770 [debug] [MainThread]: Sending event: {'category': 'dbt', 'action': 'invocation', 'label': 'end', 'context': [<snowplow_tracker.self_describing_json.SelfDescribingJson object at 0x0000013E09AD7C90>, <snowplow_tracker.self_describing_json.SelfDescribingJson object at 0x0000013E03B57B90>, <snowplow_tracker.self_describing_json.SelfDescribingJson object at 0x0000013E03B57B50>]}
[0m15:28:25.249770 [debug] [MainThread]: Flushing usage events
[0m15:31:23.484560 [debug] [MainThread]: Sending event: {'category': 'dbt', 'action': 'invocation', 'label': 'start', 'context': [<snowplow_tracker.self_describing_json.SelfDescribingJson object at 0x0000022193A3D2D0>, <snowplow_tracker.self_describing_json.SelfDescribingJson object at 0x0000022193A3E750>, <snowplow_tracker.self_describing_json.SelfDescribingJson object at 0x0000022193A3DDD0>]}


============================== 15:31:23.487579 | 17110744-97ca-4bd6-b169-04d4fa7e2073 ==============================
[0m15:31:23.487579 [info ] [MainThread]: Running with dbt=1.8.8
[0m15:31:23.488578 [debug] [MainThread]: running dbt with arguments {'printer_width': '80', 'indirect_selection': 'eager', 'write_json': 'True', 'log_cache_events': 'False', 'partial_parse': 'True', 'cache_selected_only': 'False', 'warn_error': 'None', 'version_check': 'True', 'debug': 'False', 'log_path': 'logs', 'profiles_dir': 'C:\\Users\\STARTER-local\\.dbt', 'fail_fast': 'False', 'use_colors': 'True', 'use_experimental_parser': 'False', 'empty': 'None', 'quiet': 'False', 'no_print': 'None', 'warn_error_options': 'WarnErrorOptions(include=[], exclude=[])', 'introspect': 'True', 'log_format': 'default', 'static_parser': 'True', 'target_path': 'None', 'invocation_command': 'dbt debug', 'send_anonymous_usage_stats': 'True'}
[0m15:31:23.496209 [info ] [MainThread]: dbt version: 1.8.8
[0m15:31:23.496209 [info ] [MainThread]: python version: 3.11.9
[0m15:31:23.497194 [info ] [MainThread]: python path: D:\code\hnawaz007_learning\dbt\.dbtenv\Scripts\python.exe
[0m15:31:23.497194 [info ] [MainThread]: os info: Windows-10-10.0.19045-SP0
[0m15:31:23.527210 [info ] [MainThread]: Using profiles dir at C:\Users\STARTER-local\.dbt
[0m15:31:23.528208 [info ] [MainThread]: Using profiles.yml file at C:\Users\STARTER-local\.dbt\profiles.yml
[0m15:31:23.528208 [info ] [MainThread]: Using dbt_project.yml file at D:\code\hnawaz007_learning\dbt\dbt_project.yml
[0m15:31:23.529195 [info ] [MainThread]: adapter type: postgres
[0m15:31:23.530194 [info ] [MainThread]: adapter version: 1.8.2
[0m15:31:23.530194 [info ] [MainThread]: Configuration:
[0m15:31:23.530194 [info ] [MainThread]:   profiles.yml file [[32mOK found and valid[0m]
[0m15:31:23.531194 [info ] [MainThread]:   dbt_project.yml file [[31mERROR not found[0m]
[0m15:31:23.531194 [info ] [MainThread]: Required dependencies:
[0m15:31:23.532194 [debug] [MainThread]: Executing "git --help"
[0m15:31:23.565870 [debug] [MainThread]: STDOUT: "b"usage: git [-v | --version] [-h | --help] [-C <path>] [-c <name>=<value>]\n           [--exec-path[=<path>]] [--html-path] [--man-path] [--info-path]\n           [-p | --paginate | -P | --no-pager] [--no-replace-objects] [--bare]\n           [--git-dir=<path>] [--work-tree=<path>] [--namespace=<name>]\n           [--config-env=<name>=<envvar>] <command> [<args>]\n\nThese are common Git commands used in various situations:\n\nstart a working area (see also: git help tutorial)\n   clone     Clone a repository into a new directory\n   init      Create an empty Git repository or reinitialize an existing one\n\nwork on the current change (see also: git help everyday)\n   add       Add file contents to the index\n   mv        Move or rename a file, a directory, or a symlink\n   restore   Restore working tree files\n   rm        Remove files from the working tree and from the index\n\nexamine the history and state (see also: git help revisions)\n   bisect    Use binary search to find the commit that introduced a bug\n   diff      Show changes between commits, commit and working tree, etc\n   grep      Print lines matching a pattern\n   log       Show commit logs\n   show      Show various types of objects\n   status    Show the working tree status\n\ngrow, mark and tweak your common history\n   branch    List, create, or delete branches\n   commit    Record changes to the repository\n   merge     Join two or more development histories together\n   rebase    Reapply commits on top of another base tip\n   reset     Reset current HEAD to the specified state\n   switch    Switch branches\n   tag       Create, list, delete or verify a tag object signed with GPG\n\ncollaborate (see also: git help workflows)\n   fetch     Download objects and refs from another repository\n   pull      Fetch from and integrate with another repository or a local branch\n   push      Update remote refs along with associated objects\n\n'git help -a' and 'git help -g' list available subcommands and some\nconcept guides. See 'git help <command>' or 'git help <concept>'\nto read about a specific subcommand or concept.\nSee 'git help git' for an overview of the system.\n""
[0m15:31:23.565870 [debug] [MainThread]: STDERR: "b''"
[0m15:31:23.566868 [info ] [MainThread]:  - git [[32mOK found[0m]

[0m15:31:23.566868 [info ] [MainThread]: Connection:
[0m15:31:23.567870 [info ] [MainThread]:   host: localhost
[0m15:31:23.567870 [info ] [MainThread]:   port: 5432
[0m15:31:23.568868 [info ] [MainThread]:   user: postgres
[0m15:31:23.568868 [info ] [MainThread]:   database: Adventureworks
[0m15:31:23.569869 [info ] [MainThread]:   schema: dbt
[0m15:31:23.569869 [info ] [MainThread]:   connect_timeout: 10
[0m15:31:23.570869 [info ] [MainThread]:   role: None
[0m15:31:23.570869 [info ] [MainThread]:   search_path: None
[0m15:31:23.570869 [info ] [MainThread]:   keepalives_idle: 0
[0m15:31:23.571869 [info ] [MainThread]:   sslmode: None
[0m15:31:23.571869 [info ] [MainThread]:   sslcert: None
[0m15:31:23.572868 [info ] [MainThread]:   sslkey: None
[0m15:31:23.572868 [info ] [MainThread]:   sslrootcert: None
[0m15:31:23.572868 [info ] [MainThread]:   application_name: dbt
[0m15:31:23.573867 [info ] [MainThread]:   retries: 1
[0m15:31:23.573867 [info ] [MainThread]: Registered adapter: postgres=1.8.2
[0m15:31:23.574867 [debug] [MainThread]: Acquiring new postgres connection 'debug'
[0m15:31:23.602901 [debug] [MainThread]: Using postgres connection "debug"
[0m15:31:23.603886 [debug] [MainThread]: On debug: select 1 as id
[0m15:31:23.603886 [debug] [MainThread]: Opening a new connection, currently in state init
[0m15:31:23.629947 [debug] [MainThread]: SQL status: SELECT 1 in 0.026 seconds
[0m15:31:23.630915 [debug] [MainThread]: On debug: Close
[0m15:31:23.631914 [info ] [MainThread]:   Connection test: [[32mOK connection ok[0m]

[0m15:31:23.632914 [info ] [MainThread]: [31m1 check failed:[0m
[0m15:31:23.632914 [info ] [MainThread]: Project loading failed for the following reason:
 project path <D:\code\hnawaz007_learning\dbt\dbt_project.yml> not found

[0m15:31:23.634948 [debug] [MainThread]: Command `dbt debug` failed at 15:31:23.634948 after 0.19 seconds
[0m15:31:23.634948 [debug] [MainThread]: Connection 'debug' was properly closed.
[0m15:31:23.635915 [debug] [MainThread]: Sending event: {'category': 'dbt', 'action': 'invocation', 'label': 'end', 'context': [<snowplow_tracker.self_describing_json.SelfDescribingJson object at 0x00000221939F8A50>, <snowplow_tracker.self_describing_json.SelfDescribingJson object at 0x0000022193A60650>, <snowplow_tracker.self_describing_json.SelfDescribingJson object at 0x000002218D707A90>]}
[0m15:31:23.635915 [debug] [MainThread]: Flushing usage events
